2022-02-02T13:08:26.849Z - info: Initializing jsreport (version: 3.3.0, configuration file: none, nodejs: 16.13.2)
2022-02-02T13:08:26.852Z - info: Searching for available extensions in C:\Users\user\Desktop\MouseEventsListener\
2022-02-02T13:08:26.866Z - info: Extensions location cache doesn't contain entry yet, crawling
2022-02-02T13:08:28.054Z - info: Initializing jsreport (version: 3.3.0, configuration file: none, nodejs: 16.13.2)
2022-02-02T13:08:28.056Z - info: Searching for available extensions in C:\Users\user\Desktop\MouseEventsListener\
2022-02-02T13:08:28.067Z - info: Extensions location cache doesn't contain entry yet, crawling
2022-02-02T13:08:29.141Z - info: Initializing jsreport (version: 3.3.0, configuration file: none, nodejs: 16.13.2)
2022-02-02T13:08:29.143Z - info: Searching for available extensions in C:\Users\user\Desktop\MouseEventsListener\
2022-02-02T13:08:29.151Z - info: Extensions location cache doesn't contain entry yet, crawling
2022-02-02T13:08:30.154Z - info: Initializing jsreport (version: 3.3.0, configuration file: none, nodejs: 16.13.2)
2022-02-02T13:08:30.157Z - info: Searching for available extensions in C:\Users\user\Desktop\MouseEventsListener\
2022-02-02T13:08:30.166Z - info: Extensions location cache doesn't contain entry yet, crawling
2022-02-02T13:08:31.187Z - info: Initializing jsreport (version: 3.3.0, configuration file: none, nodejs: 16.13.2)
2022-02-02T13:08:31.190Z - info: Searching for available extensions in C:\Users\user\Desktop\MouseEventsListener\
2022-02-02T13:08:31.198Z - info: Extensions location cache doesn't contain entry yet, crawling
2022-02-02T13:08:32.197Z - info: Initializing jsreport (version: 3.3.0, configuration file: none, nodejs: 16.13.2)
2022-02-02T13:08:32.199Z - info: Searching for available extensions in C:\Users\user\Desktop\MouseEventsListener\
2022-02-02T13:08:32.216Z - info: Extensions location cache doesn't contain entry yet, crawling
2022-02-02T13:08:33.249Z - info: Initializing jsreport (version: 3.3.0, configuration file: none, nodejs: 16.13.2)
2022-02-02T13:08:33.251Z - info: Searching for available extensions in C:\Users\user\Desktop\MouseEventsListener\
2022-02-02T13:08:33.260Z - info: Extensions location cache doesn't contain entry yet, crawling
2022-02-02T13:08:34.265Z - info: Initializing jsreport (version: 3.3.0, configuration file: none, nodejs: 16.13.2)
2022-02-02T13:08:34.267Z - info: Searching for available extensions in C:\Users\user\Desktop\MouseEventsListener\
2022-02-02T13:08:34.276Z - info: Extensions location cache doesn't contain entry yet, crawling
2022-02-02T13:08:35.279Z - info: Initializing jsreport (version: 3.3.0, configuration file: none, nodejs: 16.13.2)
2022-02-02T13:08:35.282Z - info: Searching for available extensions in C:\Users\user\Desktop\MouseEventsListener\
2022-02-02T13:08:35.291Z - info: Extensions location cache doesn't contain entry yet, crawling
2022-02-02T13:08:36.281Z - info: Initializing jsreport (version: 3.3.0, configuration file: none, nodejs: 16.13.2)
2022-02-02T13:08:36.283Z - info: Searching for available extensions in C:\Users\user\Desktop\MouseEventsListener\
2022-02-02T13:08:36.293Z - info: Extensions location cache doesn't contain entry yet, crawling
2022-02-02T13:08:37.277Z - info: Initializing jsreport (version: 3.3.0, configuration file: none, nodejs: 16.13.2)
2022-02-02T13:08:37.279Z - info: Searching for available extensions in C:\Users\user\Desktop\MouseEventsListener\
2022-02-02T13:08:37.287Z - info: Extensions location cache doesn't contain entry yet, crawling
2022-02-02T13:08:38.332Z - info: Initializing jsreport (version: 3.3.0, configuration file: none, nodejs: 16.13.2)
2022-02-02T13:08:38.336Z - info: Searching for available extensions in C:\Users\user\Desktop\MouseEventsListener\
2022-02-02T13:08:38.350Z - info: Extensions location cache doesn't contain entry yet, crawling
2022-02-02T13:08:39.440Z - info: Initializing jsreport (version: 3.3.0, configuration file: none, nodejs: 16.13.2)
2022-02-02T13:08:39.442Z - info: Searching for available extensions in C:\Users\user\Desktop\MouseEventsListener\
2022-02-02T13:08:39.450Z - info: Extensions location cache doesn't contain entry yet, crawling
2022-02-02T13:08:40.517Z - info: Initializing jsreport (version: 3.3.0, configuration file: none, nodejs: 16.13.2)
2022-02-02T13:08:40.520Z - info: Searching for available extensions in C:\Users\user\Desktop\MouseEventsListener\
2022-02-02T13:08:40.529Z - info: Extensions location cache doesn't contain entry yet, crawling
2022-02-02T13:08:41.578Z - info: Initializing jsreport (version: 3.3.0, configuration file: none, nodejs: 16.13.2)
2022-02-02T13:08:41.580Z - info: Searching for available extensions in C:\Users\user\Desktop\MouseEventsListener\
2022-02-02T13:08:41.588Z - info: Extensions location cache doesn't contain entry yet, crawling
2022-02-02T13:08:42.639Z - info: Initializing jsreport (version: 3.3.0, configuration file: none, nodejs: 16.13.2)
2022-02-02T13:08:42.641Z - info: Searching for available extensions in C:\Users\user\Desktop\MouseEventsListener\
2022-02-02T13:08:42.648Z - info: Extensions location cache doesn't contain entry yet, crawling
2022-02-02T13:08:43.702Z - info: Initializing jsreport (version: 3.3.0, configuration file: none, nodejs: 16.13.2)
2022-02-02T13:08:43.705Z - info: Searching for available extensions in C:\Users\user\Desktop\MouseEventsListener\
2022-02-02T13:08:43.713Z - info: Extensions location cache doesn't contain entry yet, crawling
2022-02-02T13:08:44.819Z - info: Initializing jsreport (version: 3.3.0, configuration file: none, nodejs: 16.13.2)
2022-02-02T13:08:44.821Z - info: Searching for available extensions in C:\Users\user\Desktop\MouseEventsListener\
2022-02-02T13:08:44.829Z - info: Extensions location cache doesn't contain entry yet, crawling
2022-02-02T13:08:45.934Z - info: Initializing jsreport (version: 3.3.0, configuration file: none, nodejs: 16.13.2)
2022-02-02T13:08:45.937Z - info: Searching for available extensions in C:\Users\user\Desktop\MouseEventsListener\
2022-02-02T13:08:45.945Z - info: Extensions location cache doesn't contain entry yet, crawling
2022-02-02T13:08:47.063Z - info: Initializing jsreport (version: 3.3.0, configuration file: none, nodejs: 16.13.2)
2022-02-02T13:08:47.065Z - info: Searching for available extensions in C:\Users\user\Desktop\MouseEventsListener\
2022-02-02T13:08:47.076Z - info: Extensions location cache doesn't contain entry yet, crawling
2022-02-02T13:08:48.148Z - info: Initializing jsreport (version: 3.3.0, configuration file: none, nodejs: 16.13.2)
2022-02-02T13:08:48.150Z - info: Searching for available extensions in C:\Users\user\Desktop\MouseEventsListener\
2022-02-02T13:08:48.159Z - info: Extensions location cache doesn't contain entry yet, crawling
2022-02-02T13:08:49.210Z - info: Initializing jsreport (version: 3.3.0, configuration file: none, nodejs: 16.13.2)
2022-02-02T13:08:49.212Z - info: Searching for available extensions in C:\Users\user\Desktop\MouseEventsListener\
2022-02-02T13:08:49.221Z - info: Extensions location cache doesn't contain entry yet, crawling
2022-02-02T13:08:50.309Z - info: Initializing jsreport (version: 3.3.0, configuration file: none, nodejs: 16.13.2)
2022-02-02T13:08:50.311Z - info: Searching for available extensions in C:\Users\user\Desktop\MouseEventsListener\
2022-02-02T13:08:50.320Z - info: Extensions location cache doesn't contain entry yet, crawling
2022-02-02T13:08:52.117Z - info: Initializing jsreport (version: 3.3.0, configuration file: none, nodejs: 16.13.2)
2022-02-02T13:08:52.120Z - info: Searching for available extensions in C:\Users\user\Desktop\MouseEventsListener\
2022-02-02T13:08:52.129Z - info: Extensions location cache doesn't contain entry yet, crawling
2022-02-02T13:08:53.288Z - info: Initializing jsreport (version: 3.3.0, configuration file: none, nodejs: 16.13.2)
2022-02-02T13:08:53.290Z - info: Searching for available extensions in C:\Users\user\Desktop\MouseEventsListener\
2022-02-02T13:08:53.297Z - info: Extensions location cache doesn't contain entry yet, crawling
2022-02-02T13:08:54.533Z - info: Initializing jsreport (version: 3.3.0, configuration file: none, nodejs: 16.13.2)
2022-02-02T13:08:54.537Z - info: Searching for available extensions in C:\Users\user\Desktop\MouseEventsListener\
2022-02-02T13:08:54.550Z - info: Extensions location cache doesn't contain entry yet, crawling
2022-02-02T13:08:55.803Z - info: Initializing jsreport (version: 3.3.0, configuration file: none, nodejs: 16.13.2)
2022-02-02T13:08:55.806Z - info: Searching for available extensions in C:\Users\user\Desktop\MouseEventsListener\
2022-02-02T13:08:55.815Z - info: Extensions location cache doesn't contain entry yet, crawling
2022-02-02T13:08:56.920Z - info: Initializing jsreport (version: 3.3.0, configuration file: none, nodejs: 16.13.2)
2022-02-02T13:08:56.921Z - info: Searching for available extensions in C:\Users\user\Desktop\MouseEventsListener\
2022-02-02T13:08:56.930Z - info: Extensions location cache doesn't contain entry yet, crawling
2022-02-02T13:08:57.979Z - info: Initializing jsreport (version: 3.3.0, configuration file: none, nodejs: 16.13.2)
2022-02-02T13:08:57.981Z - info: Searching for available extensions in C:\Users\user\Desktop\MouseEventsListener\
2022-02-02T13:08:57.990Z - info: Extensions location cache doesn't contain entry yet, crawling
2022-02-02T13:08:59.051Z - info: Initializing jsreport (version: 3.3.0, configuration file: none, nodejs: 16.13.2)
2022-02-02T13:08:59.053Z - info: Searching for available extensions in C:\Users\user\Desktop\MouseEventsListener\
2022-02-02T13:08:59.062Z - info: Extensions location cache doesn't contain entry yet, crawling
2022-02-02T13:09:00.116Z - info: Initializing jsreport (version: 3.3.0, configuration file: none, nodejs: 16.13.2)
2022-02-02T13:09:00.119Z - info: Searching for available extensions in C:\Users\user\Desktop\MouseEventsListener\
2022-02-02T13:09:00.129Z - info: Extensions location cache doesn't contain entry yet, crawling
2022-02-02T13:09:01.127Z - info: Initializing jsreport (version: 3.3.0, configuration file: none, nodejs: 16.13.2)
2022-02-02T13:09:01.129Z - info: Searching for available extensions in C:\Users\user\Desktop\MouseEventsListener\
2022-02-02T13:09:01.138Z - info: Extensions location cache doesn't contain entry yet, crawling
2022-02-02T13:09:02.142Z - info: Initializing jsreport (version: 3.3.0, configuration file: none, nodejs: 16.13.2)
2022-02-02T13:09:02.145Z - info: Searching for available extensions in C:\Users\user\Desktop\MouseEventsListener\
2022-02-02T13:09:02.154Z - info: Extensions location cache doesn't contain entry yet, crawling
2022-02-02T13:09:03.175Z - info: Initializing jsreport (version: 3.3.0, configuration file: none, nodejs: 16.13.2)
2022-02-02T13:09:03.177Z - info: Searching for available extensions in C:\Users\user\Desktop\MouseEventsListener\
2022-02-02T13:09:03.186Z - info: Extensions location cache doesn't contain entry yet, crawling
2022-02-02T13:09:04.284Z - info: Initializing jsreport (version: 3.3.0, configuration file: none, nodejs: 16.13.2)
2022-02-02T13:09:04.287Z - info: Searching for available extensions in C:\Users\user\Desktop\MouseEventsListener\
2022-02-02T13:09:04.295Z - info: Extensions location cache doesn't contain entry yet, crawling
2022-02-02T13:09:05.334Z - info: Initializing jsreport (version: 3.3.0, configuration file: none, nodejs: 16.13.2)
2022-02-02T13:09:05.336Z - info: Searching for available extensions in C:\Users\user\Desktop\MouseEventsListener\
2022-02-02T13:09:05.344Z - info: Extensions location cache doesn't contain entry yet, crawling
2022-02-02T13:09:06.360Z - info: Initializing jsreport (version: 3.3.0, configuration file: none, nodejs: 16.13.2)
2022-02-02T13:09:06.362Z - info: Searching for available extensions in C:\Users\user\Desktop\MouseEventsListener\
2022-02-02T13:09:06.372Z - info: Extensions location cache doesn't contain entry yet, crawling
2022-02-02T13:09:07.410Z - info: Initializing jsreport (version: 3.3.0, configuration file: none, nodejs: 16.13.2)
2022-02-02T13:09:07.412Z - info: Searching for available extensions in C:\Users\user\Desktop\MouseEventsListener\
2022-02-02T13:09:07.421Z - info: Extensions location cache doesn't contain entry yet, crawling
2022-02-02T13:09:08.430Z - info: Initializing jsreport (version: 3.3.0, configuration file: none, nodejs: 16.13.2)
2022-02-02T13:09:08.432Z - info: Searching for available extensions in C:\Users\user\Desktop\MouseEventsListener\
2022-02-02T13:09:08.440Z - info: Extensions location cache doesn't contain entry yet, crawling
2022-02-02T13:09:09.506Z - info: Initializing jsreport (version: 3.3.0, configuration file: none, nodejs: 16.13.2)
2022-02-02T13:09:09.508Z - info: Searching for available extensions in C:\Users\user\Desktop\MouseEventsListener\
2022-02-02T13:09:09.517Z - info: Extensions location cache doesn't contain entry yet, crawling
2022-02-02T13:09:10.548Z - info: Initializing jsreport (version: 3.3.0, configuration file: none, nodejs: 16.13.2)
2022-02-02T13:09:10.550Z - info: Searching for available extensions in C:\Users\user\Desktop\MouseEventsListener\
2022-02-02T13:09:10.558Z - info: Extensions location cache doesn't contain entry yet, crawling
2022-02-02T13:09:11.607Z - info: Initializing jsreport (version: 3.3.0, configuration file: none, nodejs: 16.13.2)
2022-02-02T13:09:11.609Z - info: Searching for available extensions in C:\Users\user\Desktop\MouseEventsListener\
2022-02-02T13:09:11.619Z - info: Extensions location cache doesn't contain entry yet, crawling
2022-02-02T13:09:12.678Z - info: Initializing jsreport (version: 3.3.0, configuration file: none, nodejs: 16.13.2)
2022-02-02T13:09:12.680Z - info: Searching for available extensions in C:\Users\user\Desktop\MouseEventsListener\
2022-02-02T13:09:12.690Z - info: Extensions location cache doesn't contain entry yet, crawling
2022-02-02T13:09:13.705Z - info: Initializing jsreport (version: 3.3.0, configuration file: none, nodejs: 16.13.2)
2022-02-02T13:09:13.709Z - info: Searching for available extensions in C:\Users\user\Desktop\MouseEventsListener\
2022-02-02T13:09:13.720Z - info: Extensions location cache doesn't contain entry yet, crawling
2022-02-02T13:09:14.834Z - info: Initializing jsreport (version: 3.3.0, configuration file: none, nodejs: 16.13.2)
2022-02-02T13:09:14.836Z - info: Searching for available extensions in C:\Users\user\Desktop\MouseEventsListener\
2022-02-02T13:09:14.844Z - info: Extensions location cache doesn't contain entry yet, crawling
2022-02-02T13:09:15.886Z - info: Initializing jsreport (version: 3.3.0, configuration file: none, nodejs: 16.13.2)
2022-02-02T13:09:15.888Z - info: Searching for available extensions in C:\Users\user\Desktop\MouseEventsListener\
2022-02-02T13:09:15.898Z - info: Extensions location cache doesn't contain entry yet, crawling
2022-02-02T13:09:16.965Z - info: Initializing jsreport (version: 3.3.0, configuration file: none, nodejs: 16.13.2)
2022-02-02T13:09:16.967Z - info: Searching for available extensions in C:\Users\user\Desktop\MouseEventsListener\
2022-02-02T13:09:16.975Z - info: Extensions location cache doesn't contain entry yet, crawling
2022-02-02T13:09:18.043Z - info: Initializing jsreport (version: 3.3.0, configuration file: none, nodejs: 16.13.2)
2022-02-02T13:09:18.046Z - info: Searching for available extensions in C:\Users\user\Desktop\MouseEventsListener\
2022-02-02T13:09:18.055Z - info: Extensions location cache doesn't contain entry yet, crawling
2022-02-02T13:09:19.094Z - info: Initializing jsreport (version: 3.3.0, configuration file: none, nodejs: 16.13.2)
2022-02-02T13:09:19.096Z - info: Searching for available extensions in C:\Users\user\Desktop\MouseEventsListener\
2022-02-02T13:09:19.105Z - info: Extensions location cache doesn't contain entry yet, crawling
2022-02-02T13:09:20.151Z - info: Initializing jsreport (version: 3.3.0, configuration file: none, nodejs: 16.13.2)
2022-02-02T13:09:20.152Z - info: Searching for available extensions in C:\Users\user\Desktop\MouseEventsListener\
2022-02-02T13:09:20.161Z - info: Extensions location cache doesn't contain entry yet, crawling
2022-02-02T13:09:21.221Z - info: Initializing jsreport (version: 3.3.0, configuration file: none, nodejs: 16.13.2)
2022-02-02T13:09:21.224Z - info: Searching for available extensions in C:\Users\user\Desktop\MouseEventsListener\
2022-02-02T13:09:21.232Z - info: Extensions location cache doesn't contain entry yet, crawling
2022-02-02T13:09:22.392Z - info: Initializing jsreport (version: 3.3.0, configuration file: none, nodejs: 16.13.2)
2022-02-02T13:09:22.395Z - info: Searching for available extensions in C:\Users\user\Desktop\MouseEventsListener\
2022-02-02T13:09:22.403Z - info: Extensions location cache doesn't contain entry yet, crawling
2022-02-02T13:09:23.517Z - info: Initializing jsreport (version: 3.3.0, configuration file: none, nodejs: 16.13.2)
2022-02-02T13:09:23.519Z - info: Searching for available extensions in C:\Users\user\Desktop\MouseEventsListener\
2022-02-02T13:09:23.529Z - info: Extensions location cache doesn't contain entry yet, crawling
2022-02-02T13:09:24.658Z - info: Initializing jsreport (version: 3.3.0, configuration file: none, nodejs: 16.13.2)
2022-02-02T13:09:24.660Z - info: Searching for available extensions in C:\Users\user\Desktop\MouseEventsListener\
2022-02-02T13:09:24.670Z - info: Extensions location cache doesn't contain entry yet, crawling
2022-02-02T13:09:25.768Z - info: Initializing jsreport (version: 3.3.0, configuration file: none, nodejs: 16.13.2)
2022-02-02T13:09:25.770Z - info: Searching for available extensions in C:\Users\user\Desktop\MouseEventsListener\
2022-02-02T13:09:25.780Z - info: Extensions location cache doesn't contain entry yet, crawling
2022-02-02T13:09:26.939Z - info: Initializing jsreport (version: 3.3.0, configuration file: none, nodejs: 16.13.2)
2022-02-02T13:09:26.941Z - info: Searching for available extensions in C:\Users\user\Desktop\MouseEventsListener\
2022-02-02T13:09:26.950Z - info: Extensions location cache doesn't contain entry yet, crawling
2022-02-02T13:09:28.090Z - info: Initializing jsreport (version: 3.3.0, configuration file: none, nodejs: 16.13.2)
2022-02-02T13:09:28.092Z - info: Searching for available extensions in C:\Users\user\Desktop\MouseEventsListener\
2022-02-02T13:09:28.101Z - info: Extensions location cache doesn't contain entry yet, crawling
2022-02-02T13:09:29.242Z - info: Initializing jsreport (version: 3.3.0, configuration file: none, nodejs: 16.13.2)
2022-02-02T13:09:29.245Z - info: Searching for available extensions in C:\Users\user\Desktop\MouseEventsListener\
2022-02-02T13:09:29.255Z - info: Extensions location cache doesn't contain entry yet, crawling
2022-02-02T13:09:30.364Z - info: Initializing jsreport (version: 3.3.0, configuration file: none, nodejs: 16.13.2)
2022-02-02T13:09:30.366Z - info: Searching for available extensions in C:\Users\user\Desktop\MouseEventsListener\
2022-02-02T13:09:30.375Z - info: Extensions location cache doesn't contain entry yet, crawling
2022-02-02T13:09:31.449Z - info: Initializing jsreport (version: 3.3.0, configuration file: none, nodejs: 16.13.2)
2022-02-02T13:09:31.451Z - info: Searching for available extensions in C:\Users\user\Desktop\MouseEventsListener\
2022-02-02T13:09:31.458Z - info: Extensions location cache doesn't contain entry yet, crawling
2022-02-02T13:09:32.549Z - info: Initializing jsreport (version: 3.3.0, configuration file: none, nodejs: 16.13.2)
2022-02-02T13:09:32.551Z - info: Searching for available extensions in C:\Users\user\Desktop\MouseEventsListener\
2022-02-02T13:09:32.559Z - info: Extensions location cache doesn't contain entry yet, crawling
2022-02-02T13:09:33.582Z - info: Initializing jsreport (version: 3.3.0, configuration file: none, nodejs: 16.13.2)
2022-02-02T13:09:33.585Z - info: Searching for available extensions in C:\Users\user\Desktop\MouseEventsListener\
2022-02-02T13:09:33.595Z - info: Extensions location cache doesn't contain entry yet, crawling
2022-02-02T13:09:34.704Z - info: Initializing jsreport (version: 3.3.0, configuration file: none, nodejs: 16.13.2)
2022-02-02T13:09:34.706Z - info: Searching for available extensions in C:\Users\user\Desktop\MouseEventsListener\
2022-02-02T13:09:34.716Z - info: Extensions location cache doesn't contain entry yet, crawling
2022-02-02T13:09:35.821Z - info: Initializing jsreport (version: 3.3.0, configuration file: none, nodejs: 16.13.2)
2022-02-02T13:09:35.823Z - info: Searching for available extensions in C:\Users\user\Desktop\MouseEventsListener\
2022-02-02T13:09:35.832Z - info: Extensions location cache doesn't contain entry yet, crawling
2022-02-02T13:09:36.926Z - info: Initializing jsreport (version: 3.3.0, configuration file: none, nodejs: 16.13.2)
2022-02-02T13:09:36.927Z - info: Searching for available extensions in C:\Users\user\Desktop\MouseEventsListener\
2022-02-02T13:09:36.936Z - info: Extensions location cache doesn't contain entry yet, crawling
2022-02-02T13:09:37.978Z - info: Initializing jsreport (version: 3.3.0, configuration file: none, nodejs: 16.13.2)
2022-02-02T13:09:37.980Z - info: Searching for available extensions in C:\Users\user\Desktop\MouseEventsListener\
2022-02-02T13:09:37.988Z - info: Extensions location cache doesn't contain entry yet, crawling
2022-02-02T13:09:39.016Z - info: Initializing jsreport (version: 3.3.0, configuration file: none, nodejs: 16.13.2)
2022-02-02T13:09:39.018Z - info: Searching for available extensions in C:\Users\user\Desktop\MouseEventsListener\
2022-02-02T13:09:39.026Z - info: Extensions location cache doesn't contain entry yet, crawling
2022-02-02T13:09:40.104Z - info: Initializing jsreport (version: 3.3.0, configuration file: none, nodejs: 16.13.2)
2022-02-02T13:09:40.106Z - info: Searching for available extensions in C:\Users\user\Desktop\MouseEventsListener\
2022-02-02T13:09:40.114Z - info: Extensions location cache doesn't contain entry yet, crawling
2022-02-02T13:09:41.160Z - info: Initializing jsreport (version: 3.3.0, configuration file: none, nodejs: 16.13.2)
2022-02-02T13:09:41.162Z - info: Searching for available extensions in C:\Users\user\Desktop\MouseEventsListener\
2022-02-02T13:09:41.170Z - info: Extensions location cache doesn't contain entry yet, crawling
2022-02-02T13:09:42.196Z - info: Initializing jsreport (version: 3.3.0, configuration file: none, nodejs: 16.13.2)
2022-02-02T13:09:42.198Z - info: Searching for available extensions in C:\Users\user\Desktop\MouseEventsListener\
2022-02-02T13:09:42.205Z - info: Extensions location cache doesn't contain entry yet, crawling
2022-02-02T13:09:43.260Z - info: Initializing jsreport (version: 3.3.0, configuration file: none, nodejs: 16.13.2)
2022-02-02T13:09:43.262Z - info: Searching for available extensions in C:\Users\user\Desktop\MouseEventsListener\
2022-02-02T13:09:43.271Z - info: Extensions location cache doesn't contain entry yet, crawling
2022-02-02T13:09:44.367Z - info: Initializing jsreport (version: 3.3.0, configuration file: none, nodejs: 16.13.2)
2022-02-02T13:09:44.369Z - info: Searching for available extensions in C:\Users\user\Desktop\MouseEventsListener\
2022-02-02T13:09:44.377Z - info: Extensions location cache doesn't contain entry yet, crawling
2022-02-02T13:09:45.431Z - info: Initializing jsreport (version: 3.3.0, configuration file: none, nodejs: 16.13.2)
2022-02-02T13:09:45.433Z - info: Searching for available extensions in C:\Users\user\Desktop\MouseEventsListener\
2022-02-02T13:09:45.441Z - info: Extensions location cache doesn't contain entry yet, crawling
2022-02-02T13:09:46.612Z - info: Initializing jsreport (version: 3.3.0, configuration file: none, nodejs: 16.13.2)
2022-02-02T13:09:46.614Z - info: Searching for available extensions in C:\Users\user\Desktop\MouseEventsListener\
2022-02-02T13:09:46.622Z - info: Extensions location cache doesn't contain entry yet, crawling
2022-02-02T13:09:47.746Z - info: Initializing jsreport (version: 3.3.0, configuration file: none, nodejs: 16.13.2)
2022-02-02T13:09:47.748Z - info: Searching for available extensions in C:\Users\user\Desktop\MouseEventsListener\
2022-02-02T13:09:47.755Z - info: Extensions location cache doesn't contain entry yet, crawling
2022-02-02T13:09:48.823Z - info: Initializing jsreport (version: 3.3.0, configuration file: none, nodejs: 16.13.2)
2022-02-02T13:09:48.825Z - info: Searching for available extensions in C:\Users\user\Desktop\MouseEventsListener\
2022-02-02T13:09:48.833Z - info: Extensions location cache doesn't contain entry yet, crawling
2022-02-02T13:09:49.913Z - info: Initializing jsreport (version: 3.3.0, configuration file: none, nodejs: 16.13.2)
2022-02-02T13:09:49.915Z - info: Searching for available extensions in C:\Users\user\Desktop\MouseEventsListener\
2022-02-02T13:09:49.922Z - info: Extensions location cache doesn't contain entry yet, crawling
2022-02-02T13:09:51.020Z - info: Initializing jsreport (version: 3.3.0, configuration file: none, nodejs: 16.13.2)
2022-02-02T13:09:51.022Z - info: Searching for available extensions in C:\Users\user\Desktop\MouseEventsListener\
2022-02-02T13:09:51.030Z - info: Extensions location cache doesn't contain entry yet, crawling
2022-02-02T13:09:52.152Z - info: Initializing jsreport (version: 3.3.0, configuration file: none, nodejs: 16.13.2)
2022-02-02T13:09:52.154Z - info: Searching for available extensions in C:\Users\user\Desktop\MouseEventsListener\
2022-02-02T13:09:52.163Z - info: Extensions location cache doesn't contain entry yet, crawling
2022-02-02T13:09:53.262Z - info: Initializing jsreport (version: 3.3.0, configuration file: none, nodejs: 16.13.2)
2022-02-02T13:09:53.264Z - info: Searching for available extensions in C:\Users\user\Desktop\MouseEventsListener\
2022-02-02T13:09:53.272Z - info: Extensions location cache doesn't contain entry yet, crawling
2022-02-02T13:09:54.386Z - info: Initializing jsreport (version: 3.3.0, configuration file: none, nodejs: 16.13.2)
2022-02-02T13:09:54.388Z - info: Searching for available extensions in C:\Users\user\Desktop\MouseEventsListener\
2022-02-02T13:09:54.395Z - info: Extensions location cache doesn't contain entry yet, crawling
2022-02-02T13:09:55.457Z - info: Initializing jsreport (version: 3.3.0, configuration file: none, nodejs: 16.13.2)
2022-02-02T13:09:55.459Z - info: Searching for available extensions in C:\Users\user\Desktop\MouseEventsListener\
2022-02-02T13:09:55.466Z - info: Extensions location cache doesn't contain entry yet, crawling
2022-02-02T13:09:56.566Z - info: Initializing jsreport (version: 3.3.0, configuration file: none, nodejs: 16.13.2)
2022-02-02T13:09:56.568Z - info: Searching for available extensions in C:\Users\user\Desktop\MouseEventsListener\
2022-02-02T13:09:56.577Z - info: Extensions location cache doesn't contain entry yet, crawling
2022-02-02T13:09:57.650Z - info: Initializing jsreport (version: 3.3.0, configuration file: none, nodejs: 16.13.2)
2022-02-02T13:09:57.652Z - info: Searching for available extensions in C:\Users\user\Desktop\MouseEventsListener\
2022-02-02T13:09:57.660Z - info: Extensions location cache doesn't contain entry yet, crawling
2022-02-02T13:09:58.718Z - info: Initializing jsreport (version: 3.3.0, configuration file: none, nodejs: 16.13.2)
2022-02-02T13:09:58.720Z - info: Searching for available extensions in C:\Users\user\Desktop\MouseEventsListener\
2022-02-02T13:09:58.727Z - info: Extensions location cache doesn't contain entry yet, crawling
2022-02-02T13:09:59.799Z - info: Initializing jsreport (version: 3.3.0, configuration file: none, nodejs: 16.13.2)
2022-02-02T13:09:59.801Z - info: Searching for available extensions in C:\Users\user\Desktop\MouseEventsListener\
2022-02-02T13:09:59.811Z - info: Extensions location cache doesn't contain entry yet, crawling
2022-02-02T13:10:00.860Z - info: Initializing jsreport (version: 3.3.0, configuration file: none, nodejs: 16.13.2)
2022-02-02T13:10:00.862Z - info: Searching for available extensions in C:\Users\user\Desktop\MouseEventsListener\
2022-02-02T13:10:00.869Z - info: Extensions location cache doesn't contain entry yet, crawling
2022-02-02T13:10:01.944Z - info: Initializing jsreport (version: 3.3.0, configuration file: none, nodejs: 16.13.2)
2022-02-02T13:10:01.946Z - info: Searching for available extensions in C:\Users\user\Desktop\MouseEventsListener\
2022-02-02T13:10:01.954Z - info: Extensions location cache doesn't contain entry yet, crawling
2022-02-02T13:10:03.027Z - info: Initializing jsreport (version: 3.3.0, configuration file: none, nodejs: 16.13.2)
2022-02-02T13:10:03.029Z - info: Searching for available extensions in C:\Users\user\Desktop\MouseEventsListener\
2022-02-02T13:10:03.037Z - info: Extensions location cache doesn't contain entry yet, crawling
2022-02-02T13:10:16.454Z - info: Initializing jsreport (version: 3.3.0, configuration file: none, nodejs: 16.13.2)
2022-02-02T13:10:16.457Z - info: Searching for available extensions in C:\Users\user\Desktop\MouseEventsListener\
2022-02-02T13:10:16.464Z - info: Extensions location cache doesn't contain entry yet, crawling
2022-02-02T13:10:18.163Z - info: Found 35 extension(s)
2022-02-02T13:10:18.191Z - debug: Writing extension locations cache to C:\Users\user\AppData\Local\Temp\jsreport\core\locations.json
2022-02-02T13:10:18.192Z - debug: Discovered 35 extensions
2022-02-02T13:10:18.228Z - info: Using extension authentication@3.2.0
2022-02-02T13:10:18.398Z - debug: Extension authentication@3.2.0 was disabled
2022-02-02T13:10:18.399Z - info: Using extension base@3.0.0
2022-02-02T13:10:18.402Z - info: Using extension child-templates@3.0.1
2022-02-02T13:10:18.403Z - info: Using extension cli@3.0.0
2022-02-02T13:10:18.406Z - info: Using extension components@3.2.0
2022-02-02T13:10:18.407Z - info: Using extension data@3.0.1
2022-02-02T13:10:18.408Z - info: Using extension express@3.2.1
2022-02-02T13:10:18.682Z - info: Using extension freeze@3.0.1
2022-02-02T13:10:18.683Z - info: Using extension fs-store@3.0.0
2022-02-02T13:10:18.776Z - debug: Extension fs-store@3.0.0 was disabled
2022-02-02T13:10:18.777Z - info: Using extension handlebars@3.0.0
2022-02-02T13:10:18.780Z - info: Using extension import-export@3.0.2
2022-02-02T13:10:18.791Z - info: Using extension jsrender@3.0.0
2022-02-02T13:10:18.792Z - info: Using extension licensing@3.0.1
2022-02-02T13:10:18.816Z - info: Using extension localization@3.1.1
2022-02-02T13:10:18.817Z - info: Using extension npm@3.1.0
2022-02-02T13:10:18.819Z - info: Using extension pdf-utils@3.2.0
2022-02-02T13:10:18.821Z - info: Using extension reports@3.0.1
2022-02-02T13:10:18.823Z - info: Using extension tags@3.1.0
2022-02-02T13:10:18.825Z - info: Using extension text@3.0.0
2022-02-02T13:10:18.826Z - info: Using extension version-control@3.0.1
2022-02-02T13:10:18.838Z - info: Using extension assets@3.2.0
2022-02-02T13:10:18.849Z - info: Using extension authorization@3.2.0
2022-02-02T13:10:18.852Z - debug: Extension authorization@3.2.0 was disabled
2022-02-02T13:10:18.852Z - info: Using extension browser-client@3.1.0
2022-02-02T13:10:18.854Z - info: Using extension chrome-pdf@3.1.0
2022-02-02T13:10:18.858Z - debug: Chrome strategy is chrome-pool, numberOfWorkers: 1
2022-02-02T13:10:18.858Z - info: Using extension docx@3.1.0
2022-02-02T13:10:18.861Z - info: Using extension html-to-xlsx@3.1.0
2022-02-02T13:10:18.948Z - info: html-to-xlsx detected chrome as available html engine
2022-02-02T13:10:18.948Z - info: Using extension pptx@3.1.0
2022-02-02T13:10:18.950Z - info: Using extension scheduling@3.0.1
2022-02-02T13:10:18.996Z - info: Using extension scripts@3.2.0
2022-02-02T13:10:18.996Z - info: Using extension static-pdf@3.0.0
2022-02-02T13:10:18.998Z - info: Using extension studio@3.3.0
2022-02-02T13:10:19.132Z - info: Using extension xlsx@3.1.0
2022-02-02T13:10:19.155Z - info: Using extension public-templates@3.0.0
2022-02-02T13:10:19.163Z - debug: Extension public-templates@3.0.0 was disabled
2022-02-02T13:10:19.164Z - info: Using extension sample-template@3.1.0
2022-02-02T13:10:19.166Z - info: Using extension studio-theme-dark@3.0.1
2022-02-02T13:10:19.167Z - info: Using general timeout for rendering (reportTimeout: 60000)
2022-02-02T13:10:19.167Z - info: Using memory provider for template store. The saved templates will be lost after restart
2022-02-02T13:10:19.180Z - debug: studio default theme is: light
2022-02-02T13:10:19.191Z - info: Creating default express app.
2022-02-02T13:10:19.204Z - info: jsreport server successfully started on http port: 2000
2022-02-02T13:10:19.205Z - info: Verifying license key free
2022-02-02T13:10:19.206Z - info: Using free license
2022-02-02T13:10:19.210Z - info: Migrating templates chrome settings (waitForNetworkIddle -> waitForNetworkIdle)
2022-02-02T13:10:19.210Z - info: Migration successful
2022-02-02T13:10:19.211Z - debug: Creating samples is disabled
2022-02-02T13:10:19.211Z - info: Initializing worker threads
2022-02-02T13:10:19.211Z - debug: Extensions in workers: base, child-templates, components, data, express, handlebars, jsrender, localization, npm, pdf-utils, reports, text, version-control, assets, browser-client, chrome-pdf, docx, html-to-xlsx, pptx, scripts, static-pdf, studio, xlsx
2022-02-02T13:10:19.477Z - info: 2 worker threads initialized in 266ms
2022-02-02T13:10:19.478Z - info: Starting temp files cleanup with 180000ms threshold
2022-02-02T13:10:19.478Z - info: reporter initialized
2022-02-02T13:12:17.796Z - info: Initializing jsreport (version: 3.3.0, configuration file: none, nodejs: 16.13.2)
2022-02-02T13:12:17.798Z - info: Searching for available extensions in C:\Users\user\Desktop\MouseEventsListener\
2022-02-02T13:12:17.809Z - info: Extensions location cache contains up to date information, skipping crawling in C:\Users\user\Desktop\MouseEventsListener\
2022-02-02T13:12:17.826Z - info: Found 35 extension(s)
2022-02-02T13:12:17.856Z - debug: Writing extension locations cache to C:\Users\user\AppData\Local\Temp\jsreport\core\locations.json
2022-02-02T13:12:17.859Z - debug: Discovered 35 extensions
2022-02-02T13:12:17.919Z - info: Using extension authentication@3.2.0
2022-02-02T13:12:18.852Z - info: Initializing jsreport (version: 3.3.0, configuration file: none, nodejs: 16.13.2)
2022-02-02T13:12:18.854Z - info: Searching for available extensions in C:\Users\user\Desktop\MouseEventsListener\
2022-02-02T13:12:18.862Z - info: Extensions location cache contains up to date information, skipping crawling in C:\Users\user\Desktop\MouseEventsListener\
2022-02-02T13:12:18.875Z - info: Found 35 extension(s)
2022-02-02T13:12:18.901Z - debug: Writing extension locations cache to C:\Users\user\AppData\Local\Temp\jsreport\core\locations.json
2022-02-02T13:12:18.903Z - debug: Discovered 35 extensions
2022-02-02T13:12:18.949Z - info: Using extension authentication@3.2.0
2022-02-02T13:18:10.593Z - info: Initializing jsreport (version: 3.3.0, configuration file: none, nodejs: 16.13.2)
2022-02-02T13:18:10.595Z - info: Searching for available extensions in C:\Users\user\Desktop\MouseEventsListener\
2022-02-02T13:18:10.606Z - info: Extensions location cache contains up to date information, skipping crawling in C:\Users\user\Desktop\MouseEventsListener\
2022-02-02T13:18:10.619Z - info: Found 35 extension(s)
2022-02-02T13:18:10.656Z - debug: Writing extension locations cache to C:\Users\user\AppData\Local\Temp\jsreport\core\locations.json
2022-02-02T13:18:10.658Z - debug: Discovered 35 extensions
2022-02-02T13:18:10.704Z - info: Using extension authentication@3.2.0
2022-02-02T13:20:54.507Z - info: Initializing jsreport (version: 3.3.0, configuration file: none, nodejs: 16.13.2)
2022-02-02T13:20:54.509Z - info: Searching for available extensions in C:\Users\user\Desktop\MouseEventsListener\
2022-02-02T13:20:54.518Z - info: Extensions location cache contains up to date information, skipping crawling in C:\Users\user\Desktop\MouseEventsListener\
2022-02-02T13:20:54.530Z - info: Found 35 extension(s)
2022-02-02T13:20:54.568Z - debug: Writing extension locations cache to C:\Users\user\AppData\Local\Temp\jsreport\core\locations.json
2022-02-02T13:20:54.571Z - debug: Discovered 35 extensions
2022-02-02T13:20:54.618Z - info: Using extension authentication@3.2.0
2022-02-02T18:03:25.425Z - info: Initializing jsreport (version: 3.3.0, configuration file: none, nodejs: 16.13.2)
2022-02-02T18:03:25.427Z - info: Searching for available extensions in C:\Users\user\Desktop\MouseEventsListener\
2022-02-02T18:03:25.439Z - info: Extensions location cache contains up to date information, skipping crawling in C:\Users\user\Desktop\MouseEventsListener\
2022-02-02T18:03:25.457Z - info: Found 35 extension(s)
2022-02-02T18:03:25.504Z - debug: Writing extension locations cache to C:\Users\user\AppData\Local\Temp\jsreport\core\locations.json
2022-02-02T18:03:25.507Z - debug: Discovered 35 extensions
2022-02-02T18:03:25.551Z - info: Using extension authentication@3.2.0
2022-02-02T18:05:30.041Z - info: Initializing jsreport (version: 3.3.0, configuration file: none, nodejs: 16.13.2)
2022-02-02T18:05:30.043Z - info: Searching for available extensions in C:\Users\user\Desktop\MouseEventsListener\
2022-02-02T18:05:30.051Z - info: Extensions location cache contains up to date information, skipping crawling in C:\Users\user\Desktop\MouseEventsListener\
2022-02-02T18:05:30.064Z - info: Found 35 extension(s)
2022-02-02T18:05:30.102Z - debug: Writing extension locations cache to C:\Users\user\AppData\Local\Temp\jsreport\core\locations.json
2022-02-02T18:05:30.104Z - debug: Discovered 35 extensions
2022-02-02T18:05:30.153Z - info: Using extension authentication@3.2.0
2022-02-02T18:06:41.505Z - info: Initializing jsreport (version: 3.3.0, configuration file: none, nodejs: 16.13.2)
2022-02-02T18:06:41.507Z - info: Searching for available extensions in C:\Users\user\Desktop\MouseEventsListener\
2022-02-02T18:06:41.518Z - info: Extensions location cache contains up to date information, skipping crawling in C:\Users\user\Desktop\MouseEventsListener\
2022-02-02T18:06:41.531Z - info: Found 35 extension(s)
2022-02-02T18:06:41.571Z - debug: Writing extension locations cache to C:\Users\user\AppData\Local\Temp\jsreport\core\locations.json
2022-02-02T18:06:41.573Z - debug: Discovered 35 extensions
2022-02-02T18:06:41.618Z - info: Using extension authentication@3.2.0
2022-02-02T18:08:04.397Z - info: Initializing jsreport (version: 3.3.0, configuration file: none, nodejs: 16.13.2)
2022-02-02T18:08:04.399Z - info: Searching for available extensions in C:\Users\user\Desktop\MouseEventsListener\
2022-02-02T18:08:04.409Z - info: Extensions location cache contains up to date information, skipping crawling in C:\Users\user\Desktop\MouseEventsListener\
2022-02-02T18:08:04.422Z - info: Found 35 extension(s)
2022-02-02T18:08:04.460Z - debug: Writing extension locations cache to C:\Users\user\AppData\Local\Temp\jsreport\core\locations.json
2022-02-02T18:08:04.461Z - debug: Discovered 35 extensions
2022-02-02T18:08:04.514Z - info: Using extension authentication@3.2.0
2022-02-02T18:08:35.663Z - info: Initializing jsreport (version: 3.3.0, configuration file: none, nodejs: 16.13.2)
2022-02-02T18:08:35.665Z - info: Searching for available extensions in C:\Users\user\Desktop\MouseEventsListener\
2022-02-02T18:08:35.674Z - info: Extensions location cache contains up to date information, skipping crawling in C:\Users\user\Desktop\MouseEventsListener\
2022-02-02T18:08:35.687Z - info: Found 35 extension(s)
2022-02-02T18:08:35.726Z - debug: Writing extension locations cache to C:\Users\user\AppData\Local\Temp\jsreport\core\locations.json
2022-02-02T18:08:35.728Z - debug: Discovered 35 extensions
2022-02-02T18:08:35.774Z - info: Using extension authentication@3.2.0
2022-02-02T18:17:34.376Z - info: Initializing jsreport (version: 3.3.0, configuration file: none, nodejs: 16.13.2)
2022-02-02T18:17:34.380Z - info: Searching for available extensions in C:\Users\user\Desktop\MouseEventsListener\
2022-02-02T18:17:34.396Z - info: Extensions location cache contains up to date information, skipping crawling in C:\Users\user\Desktop\MouseEventsListener\
2022-02-02T18:17:34.423Z - info: Found 35 extension(s)
2022-02-02T18:17:34.497Z - debug: Writing extension locations cache to C:\Users\user\AppData\Local\Temp\jsreport\core\locations.json
2022-02-02T18:17:34.501Z - debug: Discovered 35 extensions
2022-02-02T18:17:34.599Z - info: Using extension authentication@3.2.0
2022-02-02T18:19:43.787Z - info: Initializing jsreport (version: 3.3.0, configuration file: none, nodejs: 16.13.2)
2022-02-02T18:19:43.789Z - info: Searching for available extensions in C:\Users\user\Desktop\MouseEventsListener\
2022-02-02T18:19:43.799Z - info: Extensions location cache contains up to date information, skipping crawling in C:\Users\user\Desktop\MouseEventsListener\
2022-02-02T18:19:43.815Z - info: Found 35 extension(s)
2022-02-02T18:19:43.856Z - debug: Writing extension locations cache to C:\Users\user\AppData\Local\Temp\jsreport\core\locations.json
2022-02-02T18:19:43.859Z - debug: Discovered 35 extensions
2022-02-02T18:19:43.918Z - info: Using extension authentication@3.2.0
2022-02-03T06:47:35.807Z - info: Initializing jsreport (version: 3.3.0, configuration file: none, nodejs: 16.13.2)
2022-02-03T06:47:35.809Z - info: Searching for available extensions in C:\Users\user\Desktop\MouseEventsListener\
2022-02-03T06:47:35.818Z - info: Extensions location cache contains up to date information, skipping crawling in C:\Users\user\Desktop\MouseEventsListener\
2022-02-03T06:47:35.838Z - info: Found 35 extension(s)
2022-02-03T06:47:35.889Z - debug: Writing extension locations cache to C:\Users\user\AppData\Local\Temp\jsreport\core\locations.json
2022-02-03T06:47:35.891Z - debug: Discovered 35 extensions
2022-02-03T06:47:35.949Z - info: Using extension authentication@3.2.0
